<?xml version="1.0" encoding="UTF-8"?>
<!-- Generated by org.testng.reporters.JUnitReportReporter -->
<testsuite hostname="DESKTOP-IVBEK0Q" failures="0" tests="1" name="TestCases.LoginTestCases" time="14.035" errors="0" timestamp="2025-01-17T12:23:27 IST" skipped="0">
  <testcase classname="TestCases.LoginTestCases" name="logintest" time="14.035"/>
</testsuite> <!-- TestCases.LoginTestCases -->
