<?xml version="1.0" encoding="UTF-8"?>
<!-- Generated by org.testng.reporters.JUnitReportReporter -->
<testsuite hostname="DESKTOP-IVBEK0Q" failures="0" tests="2" name="TestCases.LoginTestCases" time="1.819" errors="0" timestamp="2025-01-27T17:21:07 IST" skipped="0">
  <testcase classname="TestCases.LoginTestCases" name="logintest" time="0.888"/>
  <testcase classname="TestCases.LoginTestCases" name="logintest" time="0.931"/>
</testsuite> <!-- TestCases.LoginTestCases -->
